<?xml version="1.0" encoding="UTF-8"?>
<testsuite name="Academy Choucair" tests="1" skipped="0" failures="1" errors="0" timestamp="2021-04-17T12:52:11" hostname="LAPTOP-TUFSLHTJ" time="29.603">
  <properties/>
  <testcase name="Search for a automation course" classname="Academy Choucair" time="29.603">
    <failure message="cucumber.runtime.CucumberException: Arity mismatch: Step Definition 'co.com.choucair.certification.proyectobase.stepdefinitions.ChoucairAcademyStepDefinitions.heSearchForTheCourseRecursosAutomatizacionBancolombiaOnTheChoucairAcademyPlatform(AcademyChoucairData&gt;) in file:/C:/Users/HOLA/Documents/Sourcetree/Choucair/proyecto_base/build/classes/java/test/' with pattern [^he search for the course (.*) on the choucair academy platform$] is declared with 1 parameters. However, the gherkin step has 2 arguments [Recursos Automatizacion Bancolombia, Table:[[strCourse], [Metodologia Bancolombia]]]. &#10;Step text: he search for the course Recursos Automatizacion Bancolombia on the choucair academy platform" type="cucumber.runtime.CucumberException">cucumber.runtime.CucumberException: Arity mismatch: Step Definition 'co.com.choucair.certification.proyectobase.stepdefinitions.ChoucairAcademyStepDefinitions.heSearchForTheCourseRecursosAutomatizacionBancolombiaOnTheChoucairAcademyPlatform(AcademyChoucairData&gt;) in file:/C:/Users/HOLA/Documents/Sourcetree/Choucair/proyecto_base/build/classes/java/test/' with pattern [^he search for the course (.*) on the choucair academy platform$] is declared with 1 parameters. However, the gherkin step has 2 arguments [Recursos Automatizacion Bancolombia, Table:[[strCourse], [Metodologia Bancolombia]]]. 
Step text: he search for the course Recursos Automatizacion Bancolombia on the choucair academy platform
	at cucumber.runtime.StepDefinitionMatch.arityMismatch(StepDefinitionMatch.java:111)
	at cucumber.runtime.StepDefinitionMatch.transformedArgs(StepDefinitionMatch.java:66)
	at cucumber.runtime.StepDefinitionMatch.runStep(StepDefinitionMatch.java:40)
	at cucumber.api.TestStep.executeStep(TestStep.java:102)
	at cucumber.api.TestStep.run(TestStep.java:83)
	at cucumber.api.TestCase.run(TestCase.java:58)
	at cucumber.runner.Runner.runPickle(Runner.java:80)
	at cucumber.runtime.junit.PickleRunners$NoStepDescriptions.run(PickleRunners.java:140)
	at cucumber.runtime.junit.FeatureRunner.runChild(FeatureRunner.java:68)
	at cucumber.runtime.junit.FeatureRunner.runChild(FeatureRunner.java:23)
	at org.junit.runners.ParentRunner$3.run(ParentRunner.java:290)
	at org.junit.runners.ParentRunner$1.schedule(ParentRunner.java:71)
	at org.junit.runners.ParentRunner.runChildren(ParentRunner.java:288)
	at org.junit.runners.ParentRunner.access$000(ParentRunner.java:58)
	at org.junit.runners.ParentRunner$2.evaluate(ParentRunner.java:268)
	at org.junit.runners.ParentRunner.run(ParentRunner.java:363)
	at cucumber.runtime.junit.FeatureRunner.run(FeatureRunner.java:73)
	at cucumber.api.junit.Cucumber.runChild(Cucumber.java:118)
	at cucumber.api.junit.Cucumber.runChild(Cucumber.java:56)
	at org.junit.runners.ParentRunner$3.run(ParentRunner.java:290)
	at org.junit.runners.ParentRunner$1.schedule(ParentRunner.java:71)
	at org.junit.runners.ParentRunner.runChildren(ParentRunner.java:288)
	at org.junit.runners.ParentRunner.access$000(ParentRunner.java:58)
	at org.junit.runners.ParentRunner$2.evaluate(ParentRunner.java:268)
	at cucumber.api.junit.Cucumber$1.evaluate(Cucumber.java:127)
	at org.junit.runners.ParentRunner.run(ParentRunner.java:363)
	at org.gradle.api.internal.tasks.testing.junit.JUnitTestClassExecutor.runTestClass(JUnitTestClassExecutor.java:110)
	at org.gradle.api.internal.tasks.testing.junit.JUnitTestClassExecutor.execute(JUnitTestClassExecutor.java:58)
	at org.gradle.api.internal.tasks.testing.junit.JUnitTestClassExecutor.execute(JUnitTestClassExecutor.java:38)
	at org.gradle.api.internal.tasks.testing.junit.AbstractJUnitTestClassProcessor.processTestClass(AbstractJUnitTestClassProcessor.java:62)
	at org.gradle.api.internal.tasks.testing.SuiteTestClassProcessor.processTestClass(SuiteTestClassProcessor.java:51)
	at java.base/jdk.internal.reflect.NativeMethodAccessorImpl.invoke0(Native Method)
	at java.base/jdk.internal.reflect.NativeMethodAccessorImpl.invoke(NativeMethodAccessorImpl.java:62)
	at java.base/jdk.internal.reflect.DelegatingMethodAccessorImpl.invoke(DelegatingMethodAccessorImpl.java:43)
	at java.base/java.lang.reflect.Method.invoke(Method.java:566)
	at org.gradle.internal.dispatch.ReflectionDispatch.dispatch(ReflectionDispatch.java:35)
	at org.gradle.internal.dispatch.ReflectionDispatch.dispatch(ReflectionDispatch.java:24)
	at org.gradle.internal.dispatch.ContextClassLoaderDispatch.dispatch(ContextClassLoaderDispatch.java:32)
	at org.gradle.internal.dispatch.ProxyDispatchAdapter$DispatchingInvocationHandler.invoke(ProxyDispatchAdapter.java:93)
	at com.sun.proxy.$Proxy2.processTestClass(Unknown Source)
	at org.gradle.api.internal.tasks.testing.worker.TestWorker.processTestClass(TestWorker.java:118)
	at java.base/jdk.internal.reflect.NativeMethodAccessorImpl.invoke0(Native Method)
	at java.base/jdk.internal.reflect.NativeMethodAccessorImpl.invoke(NativeMethodAccessorImpl.java:62)
	at java.base/jdk.internal.reflect.DelegatingMethodAccessorImpl.invoke(DelegatingMethodAccessorImpl.java:43)
	at java.base/java.lang.reflect.Method.invoke(Method.java:566)
	at org.gradle.internal.dispatch.ReflectionDispatch.dispatch(ReflectionDispatch.java:35)
	at org.gradle.internal.dispatch.ReflectionDispatch.dispatch(ReflectionDispatch.java:24)
	at org.gradle.internal.remote.internal.hub.MessageHubBackedObjectConnection$DispatchWrapper.dispatch(MessageHubBackedObjectConnection.java:175)
	at org.gradle.internal.remote.internal.hub.MessageHubBackedObjectConnection$DispatchWrapper.dispatch(MessageHubBackedObjectConnection.java:157)
	at org.gradle.internal.remote.internal.hub.MessageHub$Handler.run(MessageHub.java:404)
	at org.gradle.internal.concurrent.ExecutorPolicy$CatchAndRecordFailures.onExecute(ExecutorPolicy.java:63)
	at org.gradle.internal.concurrent.ManagedExecutorImpl$1.run(ManagedExecutorImpl.java:46)
	at java.base/java.util.concurrent.ThreadPoolExecutor.runWorker(ThreadPoolExecutor.java:1128)
	at java.base/java.util.concurrent.ThreadPoolExecutor$Worker.run(ThreadPoolExecutor.java:628)
	at org.gradle.internal.concurrent.ThreadFactoryImpl$ManagedThreadRunnable.run(ThreadFactoryImpl.java:55)
	at java.base/java.lang.Thread.run(Thread.java:834)
</failure>
  </testcase>
  <system-out><![CDATA[]]></system-out>
  <system-err><![CDATA[[Test worker] WARN net.thucydides.core.steps.BaseStepListener - stepStarted: net.thucydides.core.steps.ExecutedStepDescription@5a2c4f8c
[Test worker] WARN net.thucydides.core.steps.BaseStepListener - stepStarted: net.thucydides.core.steps.ExecutedStepDescription@3b290841
[Test worker] WARN net.thucydides.core.steps.BaseStepListener - stepStarted: net.thucydides.core.steps.ExecutedStepDescription@1e23e1cc
abr. 17, 2021 7:52:13 A. M. org.openqa.selenium.remote.DesiredCapabilities chrome
INFORMACIÓN: Using `new ChromeOptions()` is preferred to `DesiredCapabilities.chrome()`
[Test worker] INFO net.serenitybdd.core.webdriver.driverproviders.ProvideNewDriver - Instantiating driver
[Test worker] INFO net.serenitybdd.core.webdriver.driverproviders.ProvideNewDriver - Driver capabilities: Capabilities {acceptInsecureCerts: false, browserName: chrome, chrome.switches: --start-maximized, goog:chromeOptions: {args: [--start-maximized], extensions: []}, loggingPrefs: org.openqa.selenium.logging..., platform: ANY, version: }
Starting ChromeDriver 89.0.4389.23 (61b08ee2c50024bab004e48d2b1b083cdbdac579-refs/branch-heads/4389@{#294}) on port 13494
Only local connections are allowed.
Please see https://chromedriver.chromium.org/security-considerations for suggestions on keeping ChromeDriver safe.
ChromeDriver was started successfully.
[1618663939.193][WARNING]: This version of ChromeDriver has not been tested with Chrome version 90.
abr. 17, 2021 7:52:19 A. M. org.openqa.selenium.remote.ProtocolHandshake createSession
INFORMACIÓN: Detected dialect: W3C
[Test worker] WARN net.thucydides.core.steps.BaseStepListener - stepFinished: current outcome:Search for a automation course:Example: {strUser=1040323517, strPassword=Choucair2021*, strCourse=Metodologia Bancolombia} [Given than brandon wants to learn automation at the academy Choucair
| strUser | strPassword |
| 1040323517 | Choucair2021* | [Brandon open up [Brandon opens the Choucair academy page]]]
[Test worker] WARN net.thucydides.core.steps.BaseStepListener - stepFinished: current outcome:Search for a automation course:Example: {strUser=1040323517, strPassword=Choucair2021*, strCourse=Metodologia Bancolombia} [Given than brandon wants to learn automation at the academy Choucair
| strUser | strPassword |
| 1040323517 | Choucair2021* | [Brandon open up [Brandon opens the Choucair academy page]]]
[Test worker] WARN net.thucydides.core.steps.BaseStepListener - stepStarted: net.thucydides.core.steps.ExecutedStepDescription@1f6bb3c3
[Test worker] WARN net.thucydides.core.steps.BaseStepListener - stepStarted: net.thucydides.core.steps.ExecutedStepDescription@247cd003
[Test worker] WARN net.thucydides.core.steps.BaseStepListener - stepFinished: current outcome:Search for a automation course:Example: {strUser=1040323517, strPassword=Choucair2021*, strCourse=Metodologia Bancolombia} [Given than brandon wants to learn automation at the academy Choucair
| strUser | strPassword |
| 1040323517 | Choucair2021* | [Brandon open up [Brandon opens the Choucair academy page], Brandon login [Brandon clicks on button tha show us the form to login]]]
[Test worker] WARN net.thucydides.core.steps.BaseStepListener - stepStarted: net.thucydides.core.steps.ExecutedStepDescription@110ae21c
[Test worker] WARN net.thucydides.core.steps.BaseStepListener - stepFinished: current outcome:Search for a automation course:Example: {strUser=1040323517, strPassword=Choucair2021*, strCourse=Metodologia Bancolombia} [Given than brandon wants to learn automation at the academy Choucair
| strUser | strPassword |
| 1040323517 | Choucair2021* | [Brandon open up [Brandon opens the Choucair academy page], Brandon login [Brandon clicks on button tha show us the form to login, Brandon enters '1040323517' into where do we write the user]]]
[Test worker] WARN net.thucydides.core.steps.BaseStepListener - stepStarted: net.thucydides.core.steps.ExecutedStepDescription@7c4bdfbe
[Test worker] WARN net.thucydides.core.steps.BaseStepListener - stepFinished: current outcome:Search for a automation course:Example: {strUser=1040323517, strPassword=Choucair2021*, strCourse=Metodologia Bancolombia} [Given than brandon wants to learn automation at the academy Choucair
| strUser | strPassword |
| 1040323517 | Choucair2021* | [Brandon open up [Brandon opens the Choucair academy page], Brandon login [Brandon clicks on button tha show us the form to login, Brandon enters '1040323517' into where do we write the user, Brandon enters 'Choucair2021*' into where do we write the password]]]
[Test worker] WARN net.thucydides.core.steps.BaseStepListener - stepStarted: net.thucydides.core.steps.ExecutedStepDescription@57a2afba
[Test worker] WARN net.thucydides.core.steps.BaseStepListener - stepFinished: current outcome:Search for a automation course:Example: {strUser=1040323517, strPassword=Choucair2021*, strCourse=Metodologia Bancolombia} [Given than brandon wants to learn automation at the academy Choucair
| strUser | strPassword |
| 1040323517 | Choucair2021* | [Brandon open up [Brandon opens the Choucair academy page], Brandon login [Brandon clicks on button tha show us the form to login, Brandon enters '1040323517' into where do we write the user, Brandon enters 'Choucair2021*' into where do we write the password, Brandon clicks on button to confirm login]]]
[Test worker] WARN net.thucydides.core.steps.BaseStepListener - stepFinished: current outcome:Search for a automation course:Example: {strUser=1040323517, strPassword=Choucair2021*, strCourse=Metodologia Bancolombia} [Given than brandon wants to learn automation at the academy Choucair
| strUser | strPassword |
| 1040323517 | Choucair2021* | [Brandon open up [Brandon opens the Choucair academy page], Brandon login [Brandon clicks on button tha show us the form to login, Brandon enters '1040323517' into where do we write the user, Brandon enters 'Choucair2021*' into where do we write the password, Brandon clicks on button to confirm login]]]
[Test worker] WARN net.thucydides.core.steps.BaseStepListener - stepFinished: current outcome:Search for a automation course:Example: {strUser=1040323517, strPassword=Choucair2021*, strCourse=Metodologia Bancolombia} [Given than brandon wants to learn automation at the academy Choucair
| strUser | strPassword |
| 1040323517 | Choucair2021* | [Brandon open up [Brandon opens the Choucair academy page], Brandon login [Brandon clicks on button tha show us the form to login, Brandon enters '1040323517' into where do we write the user, Brandon enters 'Choucair2021*' into where do we write the password, Brandon clicks on button to confirm login]]]
[Test worker] WARN net.thucydides.core.steps.BaseStepListener - stepStarted: net.thucydides.core.steps.ExecutedStepDescription@4753eb29
[Test worker] WARN net.thucydides.core.steps.BaseStepListener - stepStarted: net.thucydides.core.steps.ExecutedStepDescription@61c395a6
[Test worker] WARN net.thucydides.core.steps.BaseStepListener - testFinished: Search for a automation course:Example: {strUser=1040323517, strPassword=Choucair2021*, strCourse=Metodologia Bancolombia} [Given than brandon wants to learn automation at the academy Choucair
| strUser | strPassword |
| 1040323517 | Choucair2021* | [Brandon open up [Brandon opens the Choucair academy page], Brandon login [Brandon clicks on button tha show us the form to login, Brandon enters '1040323517' into where do we write the user, Brandon enters 'Choucair2021*' into where do we write the password, Brandon clicks on button to confirm login]], When he search for the course Recursos Automatizacion Bancolombia on the choucair academy platform
| strCourse |
| Metodologia Bancolombia |, Then he finds the course called resources Recursos Automatizacion Bancolombia
| strCourse |
| Metodologia Bancolombia |]
[Test worker] WARN net.thucydides.core.steps.BaseStepListener - TestOutcomes: [Search for a automation course:Example: {strUser=1040323517, strPassword=Choucair2021*, strCourse=Metodologia Bancolombia} [Given than brandon wants to learn automation at the academy Choucair
| strUser | strPassword |
| 1040323517 | Choucair2021* | [Brandon open up [Brandon opens the Choucair academy page], Brandon login [Brandon clicks on button tha show us the form to login, Brandon enters '1040323517' into where do we write the user, Brandon enters 'Choucair2021*' into where do we write the password, Brandon clicks on button to confirm login]], When he search for the course Recursos Automatizacion Bancolombia on the choucair academy platform
| strCourse |
| Metodologia Bancolombia |, Then he finds the course called resources Recursos Automatizacion Bancolombia
| strCourse |
| Metodologia Bancolombia |]]
[Test worker] WARN net.thucydides.core.steps.BaseStepListener - Final testOutcomes: [Search for a automation course:Example: {strUser=1040323517, strPassword=Choucair2021*, strCourse=Metodologia Bancolombia} [Given than brandon wants to learn automation at the academy Choucair
| strUser | strPassword |
| 1040323517 | Choucair2021* | [Brandon open up [Brandon opens the Choucair academy page], Brandon login [Brandon clicks on button tha show us the form to login, Brandon enters '1040323517' into where do we write the user, Brandon enters 'Choucair2021*' into where do we write the password, Brandon clicks on button to confirm login]], When he search for the course Recursos Automatizacion Bancolombia on the choucair academy platform
| strCourse |
| Metodologia Bancolombia |, Then he finds the course called resources Recursos Automatizacion Bancolombia
| strCourse |
| Metodologia Bancolombia |]]
[Test worker] ERROR net.thucydides.core.steps.ConsoleLoggingListener - 
           __  _____ _____ ____ _____   _____ _    ___ _     _____ ____  
  _       / / |_   _| ____/ ___|_   _| |  ___/ \  |_ _| |   | ____|  _ \ 
 (_)_____| |    | | |  _| \___ \ | |   | |_ / _ \  | || |   |  _| | | | |
  _|_____| |    | | | |___ ___) || |   |  _/ ___ \ | || |___| |___| |_| |
 (_)     | |    |_| |_____|____/ |_|   |_|/_/   \_\___|_____|_____|____/ 
          \_\                                                            

TEST FAILED WITH ERROR: Search for a automation course
---------------------------------------------------------------------
[Test worker] ERROR net.thucydides.core.steps.ConsoleLoggingListener - TEST FAILED AT STEP When he search for the course Recursos Automatizacion Bancolombia on the choucair academy platform | strCourse | | Metodologia Bancolombia |
[Test worker] ERROR net.thucydides.core.steps.ConsoleLoggingListener - Arity mismatch: Step Definition 'co.com.choucair.certification.proyectobase.stepdefinitions.ChoucairAcademyStepDefinitions.heSearchForTheCourseRecursosAutomatizacionBancolombiaOnTheChoucairAcademyPlatform(AcademyChoucairData>) in file:/C:/Users/HOLA/Documents/Sourcetree/Choucair/proyecto_base/build/classes/java/test/' with pattern [^he search for the course (.*) on the choucair academy platform$] is declared with 1 parameters. However, the gherkin step has 2 arguments [Recursos Automatizacion Bancolombia, Table:[[strCourse], [Metodologia Bancolombia]]]. 
]]></system-err>
</testsuite>
